cl-gpusrv1.nis.csa.iisc.ac.in
==========================================================================
==55757== NVPROF is profiling process 55757, command: ./diag_mult_server ./data/input_4096.in
Input matrix of size 4096
Reference execution time: 189.502 ms
GPU based implementation's execution time: 668.267 ms
==55757== Profiling application: ./diag_mult_server ./data/input_4096.in
==55757== Profiling result:
            Type  Time(%)      Time     Calls       Avg       Min       Max  Name
 GPU activities:   95.07%  12.397ms         2  6.1986ms  6.1716ms  6.2257ms  [CUDA memcpy HtoD]
                    4.88%  636.44us         1  636.44us  636.44us  636.44us  diag_mult_kernel(int*, int*, int*, int)
                    0.03%  3.7760us         1  3.7760us  3.7760us  3.7760us  [CUDA memcpy DtoH]
                    0.02%  2.1760us         1  2.1760us  2.1760us  2.1760us  [CUDA memset]
      API calls:   89.05%  264.98ms         3  88.327ms  222.40us  264.51ms  cudaMalloc
                    4.45%  13.229ms         3  4.4098ms  669.57us  6.2809ms  cudaMemcpy
                    3.46%  10.306ms       768  13.419us     258ns  798.44us  cuDeviceGetAttribute
                    1.79%  5.3356ms         8  666.95us  536.95us  805.27us  cuDeviceTotalMem
                    0.88%  2.6323ms         3  877.43us  163.59us  2.2293ms  cudaFree
                    0.32%  948.85us         8  118.61us  96.770us  155.98us  cuDeviceGetName
                    0.02%  46.428us         1  46.428us  46.428us  46.428us  cudaLaunchKernel
                    0.01%  32.433us         8  4.0540us  2.1680us  10.690us  cuDeviceGetPCIBusId
                    0.01%  25.110us         1  25.110us  25.110us  25.110us  cudaSetDevice
                    0.01%  15.003us         1  15.003us  15.003us  15.003us  cudaMemset
                    0.00%  7.4650us        16     466ns     260ns     982ns  cuDeviceGet
                    0.00%  3.5880us         8     448ns     337ns     758ns  cuDeviceGetUuid
                    0.00%  3.2140us         3  1.0710us     397ns  2.1850us  cuDeviceGetCount
                    0.00%  1.7040us         1  1.7040us  1.7040us  1.7040us  cudaGetLastError
==========================================================================
==55809== NVPROF is profiling process 55809, command: ./diag_mult_server ./data/input_8192.in
Input matrix of size 8192
Reference execution time: 812.347 ms
GPU based implementation's execution time: 732.376 ms
==55809== Profiling application: ./diag_mult_server ./data/input_8192.in
==55809== Profiling result:
            Type  Time(%)      Time     Calls       Avg       Min       Max  Name
 GPU activities:   97.70%  110.27ms         2  55.133ms  55.103ms  55.163ms  [CUDA memcpy HtoD]
                    2.29%  2.5898ms         1  2.5898ms  2.5898ms  2.5898ms  diag_mult_kernel(int*, int*, int*, int)
                    0.01%  6.5920us         1  6.5920us  6.5920us  6.5920us  [CUDA memcpy DtoH]
                    0.00%  3.2010us         1  3.2010us  3.2010us  3.2010us  [CUDA memset]
      API calls:   64.06%  245.81ms         3  81.938ms  222.60us  245.14ms  cudaMalloc
                   29.53%  113.30ms         3  37.765ms  2.6446ms  55.333ms  cudaMemcpy
                    2.71%  10.399ms       768  13.540us     246ns  643.75us  cuDeviceGetAttribute
                    1.89%  7.2545ms         3  2.4182ms  171.71us  6.6563ms  cudaFree
                    1.52%  5.8308ms         8  728.85us  509.25us  818.59us  cuDeviceTotalMem
                    0.26%  1.0020ms         8  125.25us  91.673us  171.94us  cuDeviceGetName
                    0.01%  46.036us         1  46.036us  46.036us  46.036us  cudaLaunchKernel
                    0.01%  26.074us         8  3.2590us  1.5680us  4.6750us  cuDeviceGetPCIBusId
                    0.01%  20.314us         1  20.314us  20.314us  20.314us  cudaSetDevice
                    0.00%  17.036us         1  17.036us  17.036us  17.036us  cudaMemset
                    0.00%  8.5900us        16     536ns     253ns  1.5970us  cuDeviceGet
                    0.00%  4.7560us         3  1.5850us     404ns  3.7050us  cuDeviceGetCount
                    0.00%  3.9710us         8     496ns     318ns     687ns  cuDeviceGetUuid
                    0.00%  1.5780us         1  1.5780us  1.5780us  1.5780us  cudaGetLastError
==========================================================================
==55859== NVPROF is profiling process 55859, command: ./diag_mult_server ./data/input_16384.in
Input matrix of size 16384
Reference execution time: 3597.44 ms
GPU based implementation's execution time: 1083.1 ms
==55859== Profiling application: ./diag_mult_server ./data/input_16384.in
==55859== Profiling result:
            Type  Time(%)      Time     Calls       Avg       Min       Max  Name
 GPU activities:   97.52%  443.20ms         2  221.60ms  221.49ms  221.71ms  [CUDA memcpy HtoD]
                    2.48%  11.249ms         1  11.249ms  11.249ms  11.249ms  diag_mult_kernel(int*, int*, int*, int)
                    0.00%  11.809us         1  11.809us  11.809us  11.809us  [CUDA memcpy DtoH]
                    0.00%     960ns         1     960ns     960ns     960ns  [CUDA memset]
      API calls:   62.34%  455.32ms         3  151.77ms  11.366ms  222.20ms  cudaMemcpy
                   34.24%  250.10ms         3  83.366ms  246.69us  248.56ms  cudaMalloc
                    1.32%  9.6191ms       768  12.524us     261ns  639.95us  cuDeviceGetAttribute
                    1.22%  8.8765ms         3  2.9588ms  175.52us  7.4663ms  cudaFree
                    0.74%  5.4321ms         8  679.02us  541.27us  824.43us  cuDeviceTotalMem
                    0.13%  923.71us         8  115.46us  94.654us  162.80us  cuDeviceGetName
                    0.01%  48.686us         1  48.686us  48.686us  48.686us  cudaMemset
                    0.01%  47.848us         8  5.9810us  2.1780us  14.982us  cuDeviceGetPCIBusId
                    0.00%  20.852us         1  20.852us  20.852us  20.852us  cudaLaunchKernel
                    0.00%  20.089us         1  20.089us  20.089us  20.089us  cudaSetDevice
                    0.00%  8.8560us        16     553ns     251ns  1.5020us  cuDeviceGet
                    0.00%  3.8460us         8     480ns     301ns     642ns  cuDeviceGetUuid
                    0.00%  3.5690us         3  1.1890us     644ns  2.2140us  cuDeviceGetCount
                    0.00%  1.5370us         1  1.5370us  1.5370us  1.5370us  cudaGetLastError
==========================================================================
==55917== NVPROF is profiling process 55917, command: ./diag_mult_server ./data/input_32768.in
Input matrix of size 32768
Reference execution time: 15626.1 ms
GPU based implementation's execution time: 2514.63 ms
==55917== Profiling application: ./diag_mult_server ./data/input_32768.in
==55917== Profiling result:
            Type  Time(%)      Time     Calls       Avg       Min       Max  Name
 GPU activities:   97.94%  1.77359s         2  886.79ms  885.65ms  887.94ms  [CUDA memcpy HtoD]
                    2.06%  37.359ms         1  37.359ms  37.359ms  37.359ms  diag_mult_kernel(int*, int*, int*, int)
                    0.00%  21.825us         1  21.825us  21.825us  21.825us  [CUDA memcpy DtoH]
                    0.00%     928ns         1     928ns     928ns     928ns  [CUDA memset]
      API calls:   83.50%  1.81158s         3  603.86ms  37.581ms  888.14ms  cudaMemcpy
                   14.94%  324.20ms         3  108.07ms  365.73us  319.21ms  cudaMalloc
                    0.69%  15.076ms         3  5.0252ms  204.33us  10.513ms  cudaFree
                    0.56%  12.177ms       768  15.855us     187ns  789.70us  cuDeviceGetAttribute
                    0.25%  5.3220ms         8  665.26us  572.76us  813.30us  cuDeviceTotalMem
                    0.05%  985.74us         8  123.22us  107.77us  173.75us  cuDeviceGetName
                    0.00%  56.140us         1  56.140us  56.140us  56.140us  cudaMemset
                    0.00%  29.545us         8  3.6930us  2.0800us  4.9550us  cuDeviceGetPCIBusId
                    0.00%  21.398us         1  21.398us  21.398us  21.398us  cudaLaunchKernel
                    0.00%  18.569us         1  18.569us  18.569us  18.569us  cudaSetDevice
                    0.00%  9.8790us        16     617ns     353ns  1.4270us  cuDeviceGet
                    0.00%  3.4360us         3  1.1450us     422ns  2.3460us  cuDeviceGetCount
                    0.00%  3.3060us         8     413ns     240ns     745ns  cuDeviceGetUuid
                    0.00%  1.6950us         1  1.6950us  1.6950us  1.6950us  cudaGetLastError
==========================================================================
