cl-gpusrv1.nis.csa.iisc.ac.in
/var/spool/slurmd/job21989/slurm_script: line 10: cd: /home/vimalm/hpca-assignment-2020-2021/PartA: No such file or directory
Input matrix of size 4096
Reference execution time: 254.354 ms
Single thread execution time: 96.085 ms
Multi-threaded execution time(2 threads): 141.89 ms
Multi-threaded execution time(4 threads): 99.866 ms
Multi-threaded execution time(8 threads): 59.758 ms
Multi-threaded execution time(16 threads): 49.416 ms
Multi-threaded execution time(32 threads): 45.013 ms
Multi-threaded execution time(64 threads): 50.97 ms
Multi-threaded execution time(128 threads): 57.148 ms
Multi-threaded execution time(256 threads): 66.654 ms
Input matrix of size 8192
Reference execution time: 1557.33 ms
Single thread execution time: 547.217 ms
Multi-threaded execution time(2 threads): 491.994 ms
Multi-threaded execution time(4 threads): 302.128 ms
Multi-threaded execution time(8 threads): 181.615 ms
Multi-threaded execution time(16 threads): 120.106 ms
Multi-threaded execution time(32 threads): 113.642 ms
Multi-threaded execution time(64 threads): 107.659 ms
Multi-threaded execution time(128 threads): 160.074 ms
Multi-threaded execution time(256 threads): 139.431 ms
Input matrix of size 16384
Reference execution time: 7767.11 ms
Single thread execution time: 2134.13 ms
Multi-threaded execution time(2 threads): 1878.52 ms
Multi-threaded execution time(4 threads): 1069.17 ms
Multi-threaded execution time(8 threads): 618.847 ms
Multi-threaded execution time(16 threads): 400.38 ms
Multi-threaded execution time(32 threads): 332.655 ms
Multi-threaded execution time(64 threads): 297.449 ms
Multi-threaded execution time(128 threads): 363.509 ms
Multi-threaded execution time(256 threads): 499.592 ms
Input matrix of size 32768
Reference execution time: 42816.2 ms
Single thread execution time: 13432.2 ms
Multi-threaded execution time(2 threads): 7942.35 ms
Multi-threaded execution time(4 threads): 4454.45 ms
Multi-threaded execution time(8 threads): 2574.67 ms
Multi-threaded execution time(16 threads): 1682.68 ms
Multi-threaded execution time(32 threads): 1278.48 ms
Multi-threaded execution time(64 threads): 1210.21 ms
Multi-threaded execution time(128 threads): 1127.31 ms
Multi-threaded execution time(256 threads): 1246.25 ms
Input matrix of size 4096
Reference execution time: 271.018 ms
Single thread execution time: 97.09 ms
[ perf record: Woken up 2 times to write data ]
[ perf record: Captured and wrote 0.444 MB /home/vimalm/perf_data_4096.out (6666 samples) ]
Input matrix of size 8192
Reference execution time: 1638.17 ms
Single thread execution time: 546.007 ms
[ perf record: Woken up 10 times to write data ]
[ perf record: Captured and wrote 2.295 MB /home/vimalm/perf_data_8192.out (34332 samples) ]
Input matrix of size 16384
Reference execution time: 7967.39 ms
Single thread execution time: 2223.56 ms
[ perf record: Woken up 43 times to write data ]
[ perf record: Captured and wrote 10.621 MB /home/vimalm/perf_data_16384.out (155578 samples) ]
Input matrix of size 32768
Reference execution time: 45862 ms
Single thread execution time: 14029.5 ms
[ perf record: Woken up 243 times to write data ]
[ perf record: Captured and wrote 60.906 MB /home/vimalm/perf_data_32768.out (883177 samples) ]
